2023-02-15 08:46:28.268+0000 WARN  Use of deprecated setting 'dbms.memory.pagecache.size'. It is replaced by 'server.memory.pagecache.size'.
2023-02-15 08:46:28.273+0000 WARN  Use of deprecated setting 'dbms.memory.heap.max_size'. It is replaced by 'server.memory.heap.max_size'.
2023-02-15 08:46:28.276+0000 INFO  Starting...
2023-02-15 08:46:28.656+0000 INFO  This instance is ServerId{451cf1a6} (451cf1a6-d223-4b8d-82cd-09936745c17d)
2023-02-15 08:46:29.162+0000 INFO  ======== Neo4j 5.4.0 ========
2023-02-15 08:46:31.269+0000 INFO  Bolt enabled on 0.0.0.0:7687.
2023-02-15 08:46:31.663+0000 INFO  Remote interface available at http://localhost:7474/
2023-02-15 08:46:31.666+0000 INFO  id: C800200D96467D00799E797F89D92096D5A79C8419F933D084C14A47A856CA75
2023-02-15 08:46:31.667+0000 INFO  name: system
2023-02-15 08:46:31.668+0000 INFO  creationDate: 2023-02-15T08:46:29.708Z
2023-02-15 08:46:31.670+0000 INFO  Started.
2023-02-15 08:49:15.814+0000 WARN  Unsupported authentication token, missing key `principal`
2023-02-15 08:49:15.853+0000 WARN  Unsupported authentication token, missing key `principal`
2023-02-15 08:49:37.552+0000 WARN  The client is unauthorized due to authentication failure.
2023-02-15 08:49:37.584+0000 WARN  The client is unauthorized due to authentication failure.
2023-02-15 08:49:51.524+0000 WARN  The client is unauthorized due to authentication failure.
2023-02-15 08:49:51.561+0000 WARN  The client is unauthorized due to authentication failure.
2023-02-15 12:14:14.438+0000 WARN  The client is unauthorized due to authentication failure.
2023-02-15 12:14:14.453+0000 WARN  The client is unauthorized due to authentication failure.
2023-02-16 12:12:52.287+0000 INFO  Neo4j Server shutdown initiated by request
2023-02-16 13:36:44.850+0000 WARN  Use of deprecated setting 'dbms.memory.pagecache.size'. It is replaced by 'server.memory.pagecache.size'.
2023-02-16 13:36:44.853+0000 WARN  Use of deprecated setting 'dbms.memory.heap.max_size'. It is replaced by 'server.memory.heap.max_size'.
2023-02-16 13:36:44.855+0000 INFO  Starting...
2023-02-16 13:36:45.113+0000 INFO  This instance is ServerId{451cf1a6} (451cf1a6-d223-4b8d-82cd-09936745c17d)
2023-02-16 13:36:45.697+0000 INFO  ======== Neo4j 5.4.0 ========
2023-02-16 13:36:46.989+0000 INFO  Bolt enabled on 0.0.0.0:7687.
2023-02-16 13:36:47.448+0000 INFO  Remote interface available at http://localhost:7474/
2023-02-16 13:36:47.451+0000 INFO  id: C800200D96467D00799E797F89D92096D5A79C8419F933D084C14A47A856CA75
2023-02-16 13:36:47.452+0000 INFO  name: system
2023-02-16 13:36:47.453+0000 INFO  creationDate: 2023-02-15T08:46:29.708Z
2023-02-16 13:36:47.453+0000 INFO  Started.
2023-02-17 09:56:24.628+0000 WARN  Use of deprecated setting 'dbms.memory.pagecache.size'. It is replaced by 'server.memory.pagecache.size'.
2023-02-17 09:56:24.632+0000 WARN  Use of deprecated setting 'dbms.memory.heap.max_size'. It is replaced by 'server.memory.heap.max_size'.
2023-02-17 09:56:24.634+0000 INFO  Starting...
2023-02-17 09:56:24.868+0000 INFO  This instance is ServerId{451cf1a6} (451cf1a6-d223-4b8d-82cd-09936745c17d)
2023-02-17 09:56:25.261+0000 INFO  ======== Neo4j 5.4.0 ========
2023-02-17 09:56:26.311+0000 INFO  Bolt enabled on 0.0.0.0:7687.
2023-02-17 09:56:26.663+0000 INFO  Remote interface available at http://localhost:7474/
2023-02-17 09:56:26.666+0000 INFO  id: C800200D96467D00799E797F89D92096D5A79C8419F933D084C14A47A856CA75
2023-02-17 09:56:26.667+0000 INFO  name: system
2023-02-17 09:56:26.668+0000 INFO  creationDate: 2023-02-15T08:46:29.708Z
2023-02-17 09:56:26.669+0000 INFO  Started.
2023-02-17 10:43:49.341+0000 INFO  Neo4j Server shutdown initiated by request
2023-02-17 10:43:49.342+0000 INFO  Stopping...
2023-02-17 10:43:54.462+0000 INFO  Stopped.
2023-02-17 11:05:09.277+0000 WARN  Use of deprecated setting 'dbms.memory.pagecache.size'. It is replaced by 'server.memory.pagecache.size'.
2023-02-17 11:05:09.281+0000 WARN  Use of deprecated setting 'dbms.memory.heap.max_size'. It is replaced by 'server.memory.heap.max_size'.
2023-02-17 11:05:09.283+0000 INFO  Starting...
2023-02-17 11:05:09.517+0000 INFO  This instance is ServerId{451cf1a6} (451cf1a6-d223-4b8d-82cd-09936745c17d)
2023-02-17 11:05:09.909+0000 INFO  ======== Neo4j 5.4.0 ========
2023-02-17 11:05:11.127+0000 INFO  Bolt enabled on 0.0.0.0:7687.
2023-02-17 11:05:11.525+0000 INFO  Remote interface available at http://localhost:7474/
2023-02-17 11:05:11.529+0000 INFO  id: C800200D96467D00799E797F89D92096D5A79C8419F933D084C14A47A856CA75
2023-02-17 11:05:11.530+0000 INFO  name: system
2023-02-17 11:05:11.532+0000 INFO  creationDate: 2023-02-15T08:46:29.708Z
2023-02-17 11:05:11.533+0000 INFO  Started.
2023-02-17 11:05:37.408+0000 INFO  Neo4j Server shutdown initiated by request
2023-02-17 11:05:37.410+0000 INFO  Stopping...
2023-02-17 11:05:42.843+0000 WARN  Use of deprecated setting 'dbms.memory.pagecache.size'. It is replaced by 'server.memory.pagecache.size'.
2023-02-17 11:05:42.845+0000 WARN  Use of deprecated setting 'dbms.memory.heap.max_size'. It is replaced by 'server.memory.heap.max_size'.
2023-02-17 11:05:42.847+0000 INFO  Starting...
2023-02-17 11:05:43.086+0000 INFO  This instance is ServerId{451cf1a6} (451cf1a6-d223-4b8d-82cd-09936745c17d)
2023-02-17 11:05:43.491+0000 INFO  ======== Neo4j 5.4.0 ========
2023-02-17 11:05:44.448+0000 INFO  Bolt enabled on 0.0.0.0:7687.
2023-02-17 11:05:44.873+0000 INFO  Remote interface available at http://localhost:7474/
2023-02-17 11:05:44.877+0000 INFO  id: C800200D96467D00799E797F89D92096D5A79C8419F933D084C14A47A856CA75
2023-02-17 11:05:44.878+0000 INFO  name: system
2023-02-17 11:05:44.880+0000 INFO  creationDate: 2023-02-15T08:46:29.708Z
2023-02-17 11:05:44.881+0000 INFO  Started.
2023-02-17 11:05:47.333+0000 INFO  Neo4j Server shutdown initiated by request
2023-02-17 11:05:47.334+0000 INFO  Stopping...
2023-02-17 11:05:53.833+0000 WARN  Use of deprecated setting 'dbms.memory.pagecache.size'. It is replaced by 'server.memory.pagecache.size'.
2023-02-17 11:05:53.836+0000 WARN  Use of deprecated setting 'dbms.memory.heap.max_size'. It is replaced by 'server.memory.heap.max_size'.
2023-02-17 11:05:53.838+0000 INFO  Starting...
2023-02-17 11:05:54.082+0000 INFO  This instance is ServerId{451cf1a6} (451cf1a6-d223-4b8d-82cd-09936745c17d)
2023-02-17 11:05:54.481+0000 INFO  ======== Neo4j 5.4.0 ========
2023-02-17 11:05:55.421+0000 INFO  Bolt enabled on 0.0.0.0:7687.
2023-02-17 11:05:55.772+0000 INFO  Remote interface available at http://localhost:7474/
2023-02-17 11:05:55.775+0000 INFO  id: C800200D96467D00799E797F89D92096D5A79C8419F933D084C14A47A856CA75
2023-02-17 11:05:55.776+0000 INFO  name: system
2023-02-17 11:05:55.778+0000 INFO  creationDate: 2023-02-15T08:46:29.708Z
2023-02-17 11:05:55.779+0000 INFO  Started.
2023-02-17 11:08:44.142+0000 INFO  Neo4j Server shutdown initiated by request
2023-02-17 11:08:44.143+0000 INFO  Stopping...
2023-02-17 11:08:54.263+0000 WARN  Use of deprecated setting 'dbms.memory.pagecache.size'. It is replaced by 'server.memory.pagecache.size'.
2023-02-17 11:08:54.266+0000 WARN  Use of deprecated setting 'dbms.memory.heap.max_size'. It is replaced by 'server.memory.heap.max_size'.
2023-02-17 11:08:54.268+0000 INFO  Starting...
2023-02-17 11:08:54.515+0000 INFO  This instance is ServerId{451cf1a6} (451cf1a6-d223-4b8d-82cd-09936745c17d)
2023-02-17 11:08:54.912+0000 INFO  ======== Neo4j 5.4.0 ========
2023-02-17 11:08:55.917+0000 INFO  Bolt enabled on 0.0.0.0:7687.
2023-02-17 11:08:56.288+0000 INFO  Remote interface available at http://localhost:7474/
2023-02-17 11:08:56.292+0000 INFO  id: C800200D96467D00799E797F89D92096D5A79C8419F933D084C14A47A856CA75
2023-02-17 11:08:56.293+0000 INFO  name: system
2023-02-17 11:08:56.294+0000 INFO  creationDate: 2023-02-15T08:46:29.708Z
2023-02-17 11:08:56.295+0000 INFO  Started.
2023-02-17 11:09:14.909+0000 INFO  Neo4j Server shutdown initiated by request
2023-02-17 11:09:14.910+0000 INFO  Stopping...
2023-02-17 11:09:21.829+0000 WARN  Use of deprecated setting 'dbms.memory.pagecache.size'. It is replaced by 'server.memory.pagecache.size'.
2023-02-17 11:09:21.832+0000 WARN  Use of deprecated setting 'dbms.memory.heap.max_size'. It is replaced by 'server.memory.heap.max_size'.
2023-02-17 11:09:21.834+0000 INFO  Starting...
2023-02-17 11:09:22.089+0000 INFO  This instance is ServerId{451cf1a6} (451cf1a6-d223-4b8d-82cd-09936745c17d)
2023-02-17 11:09:22.480+0000 INFO  ======== Neo4j 5.4.0 ========
2023-02-17 11:09:23.466+0000 INFO  Bolt enabled on 0.0.0.0:7687.
2023-02-17 11:09:23.844+0000 INFO  Remote interface available at http://localhost:7474/
2023-02-17 11:09:23.847+0000 INFO  id: C800200D96467D00799E797F89D92096D5A79C8419F933D084C14A47A856CA75
2023-02-17 11:09:23.848+0000 INFO  name: system
2023-02-17 11:09:23.849+0000 INFO  creationDate: 2023-02-15T08:46:29.708Z
2023-02-17 11:09:23.850+0000 INFO  Started.
2023-02-17 11:10:27.707+0000 INFO  Neo4j Server shutdown initiated by request
2023-02-17 11:10:27.709+0000 INFO  Stopping...
2023-02-17 11:10:36.760+0000 WARN  Use of deprecated setting 'dbms.memory.pagecache.size'. It is replaced by 'server.memory.pagecache.size'.
2023-02-17 11:10:36.763+0000 WARN  Use of deprecated setting 'dbms.memory.heap.max_size'. It is replaced by 'server.memory.heap.max_size'.
2023-02-17 11:10:36.765+0000 INFO  Starting...
2023-02-17 11:10:37.012+0000 INFO  This instance is ServerId{451cf1a6} (451cf1a6-d223-4b8d-82cd-09936745c17d)
2023-02-17 11:10:37.405+0000 INFO  ======== Neo4j 5.4.0 ========
2023-02-17 11:10:38.456+0000 INFO  Bolt enabled on 0.0.0.0:7687.
2023-02-17 11:10:38.811+0000 INFO  Remote interface available at http://localhost:7474/
2023-02-17 11:10:38.814+0000 INFO  id: C800200D96467D00799E797F89D92096D5A79C8419F933D084C14A47A856CA75
2023-02-17 11:10:38.815+0000 INFO  name: system
2023-02-17 11:10:38.817+0000 INFO  creationDate: 2023-02-15T08:46:29.708Z
2023-02-17 11:10:38.818+0000 INFO  Started.
2023-02-17 11:11:17.936+0000 WARN  Use of deprecated setting 'dbms.memory.pagecache.size'. It is replaced by 'server.memory.pagecache.size'.
2023-02-17 11:11:17.939+0000 WARN  Use of deprecated setting 'dbms.memory.heap.max_size'. It is replaced by 'server.memory.heap.max_size'.
2023-02-17 11:11:17.941+0000 INFO  Starting...
2023-02-17 11:11:18.180+0000 INFO  This instance is ServerId{451cf1a6} (451cf1a6-d223-4b8d-82cd-09936745c17d)
2023-02-17 11:11:18.580+0000 INFO  ======== Neo4j 5.4.0 ========
2023-02-17 11:11:19.581+0000 INFO  Bolt enabled on 0.0.0.0:7687.
2023-02-17 11:11:19.944+0000 INFO  Remote interface available at http://localhost:7474/
2023-02-17 11:11:19.948+0000 INFO  id: C800200D96467D00799E797F89D92096D5A79C8419F933D084C14A47A856CA75
2023-02-17 11:11:19.950+0000 INFO  name: system
2023-02-17 11:11:19.951+0000 INFO  creationDate: 2023-02-15T08:46:29.708Z
2023-02-17 11:11:19.952+0000 INFO  Started.
2023-02-17 11:49:48.648+0000 WARN  Use of deprecated setting 'dbms.memory.pagecache.size'. It is replaced by 'server.memory.pagecache.size'.
2023-02-17 11:49:48.651+0000 WARN  Use of deprecated setting 'dbms.memory.heap.max_size'. It is replaced by 'server.memory.heap.max_size'.
2023-02-17 11:49:48.653+0000 INFO  Starting...
2023-02-17 11:49:48.903+0000 INFO  This instance is ServerId{451cf1a6} (451cf1a6-d223-4b8d-82cd-09936745c17d)
2023-02-17 11:49:49.291+0000 INFO  ======== Neo4j 5.4.0 ========
2023-02-17 11:49:50.576+0000 INFO  Bolt enabled on 0.0.0.0:7687.
2023-02-17 11:49:50.926+0000 INFO  Remote interface available at http://localhost:7474/
2023-02-17 11:49:50.929+0000 INFO  id: C800200D96467D00799E797F89D92096D5A79C8419F933D084C14A47A856CA75
2023-02-17 11:49:50.931+0000 INFO  name: system
2023-02-17 11:49:50.931+0000 INFO  creationDate: 2023-02-15T08:46:29.708Z
2023-02-17 11:49:50.932+0000 INFO  Started.
2023-02-17 12:13:18.887+0000 INFO  Neo4j Server shutdown initiated by request
2023-02-17 12:13:18.888+0000 INFO  Stopping...
2023-02-17 12:13:24.002+0000 INFO  Stopped.
2023-02-18 16:20:49.050+0000 WARN  Use of deprecated setting 'dbms.memory.pagecache.size'. It is replaced by 'server.memory.pagecache.size'.
2023-02-18 16:20:49.053+0000 WARN  Use of deprecated setting 'dbms.memory.heap.max_size'. It is replaced by 'server.memory.heap.max_size'.
2023-02-18 16:20:49.055+0000 INFO  Starting...
2023-02-18 16:20:49.379+0000 INFO  This instance is ServerId{451cf1a6} (451cf1a6-d223-4b8d-82cd-09936745c17d)
2023-02-18 16:20:49.806+0000 INFO  ======== Neo4j 5.4.0 ========
2023-02-18 16:20:50.998+0000 INFO  Bolt enabled on 0.0.0.0:7687.
2023-02-18 16:20:51.419+0000 INFO  Remote interface available at http://localhost:7474/
2023-02-18 16:20:51.423+0000 INFO  id: C800200D96467D00799E797F89D92096D5A79C8419F933D084C14A47A856CA75
2023-02-18 16:20:51.424+0000 INFO  name: system
2023-02-18 16:20:51.425+0000 INFO  creationDate: 2023-02-15T08:46:29.708Z
2023-02-18 16:20:51.426+0000 INFO  Started.
2023-02-19 13:20:00.772+0000 WARN  Use of deprecated setting 'dbms.memory.pagecache.size'. It is replaced by 'server.memory.pagecache.size'.
2023-02-19 13:20:00.776+0000 WARN  Use of deprecated setting 'dbms.memory.heap.max_size'. It is replaced by 'server.memory.heap.max_size'.
2023-02-19 13:20:00.779+0000 INFO  Starting...
2023-02-19 13:20:01.133+0000 INFO  This instance is ServerId{451cf1a6} (451cf1a6-d223-4b8d-82cd-09936745c17d)
2023-02-19 13:20:01.756+0000 INFO  ======== Neo4j 5.4.0 ========
2023-02-19 13:20:03.105+0000 INFO  Bolt enabled on 0.0.0.0:7687.
2023-02-19 13:20:03.588+0000 INFO  Remote interface available at http://localhost:7474/
2023-02-19 13:20:03.595+0000 INFO  id: C800200D96467D00799E797F89D92096D5A79C8419F933D084C14A47A856CA75
2023-02-19 13:20:03.596+0000 INFO  name: system
2023-02-19 13:20:03.598+0000 INFO  creationDate: 2023-02-15T08:46:29.708Z
2023-02-19 13:20:03.600+0000 INFO  Started.
2023-02-19 13:29:39.091+0000 WARN  Use of deprecated setting 'dbms.memory.pagecache.size'. It is replaced by 'server.memory.pagecache.size'.
2023-02-19 13:29:39.096+0000 WARN  Use of deprecated setting 'dbms.memory.heap.max_size'. It is replaced by 'server.memory.heap.max_size'.
2023-02-19 13:29:39.099+0000 INFO  Starting...
2023-02-19 13:29:39.390+0000 INFO  This instance is ServerId{451cf1a6} (451cf1a6-d223-4b8d-82cd-09936745c17d)
2023-02-19 13:29:39.831+0000 INFO  ======== Neo4j 5.4.0 ========
2023-02-19 13:29:41.061+0000 INFO  Bolt enabled on 0.0.0.0:7687.
2023-02-19 13:29:41.494+0000 INFO  Remote interface available at http://localhost:7474/
2023-02-19 13:29:41.498+0000 INFO  id: C800200D96467D00799E797F89D92096D5A79C8419F933D084C14A47A856CA75
2023-02-19 13:29:41.499+0000 INFO  name: system
2023-02-19 13:29:41.500+0000 INFO  creationDate: 2023-02-15T08:46:29.708Z
2023-02-19 13:29:41.501+0000 INFO  Started.
2023-02-19 13:33:57.150+0000 INFO  Neo4j Server shutdown initiated by request
2023-02-19 13:33:57.151+0000 INFO  Stopping...
2023-02-19 13:34:07.097+0000 WARN  Use of deprecated setting 'dbms.memory.pagecache.size'. It is replaced by 'server.memory.pagecache.size'.
2023-02-19 13:34:07.101+0000 WARN  Use of deprecated setting 'dbms.memory.heap.max_size'. It is replaced by 'server.memory.heap.max_size'.
2023-02-19 13:34:07.103+0000 INFO  Starting...
2023-02-19 13:34:07.405+0000 INFO  This instance is ServerId{451cf1a6} (451cf1a6-d223-4b8d-82cd-09936745c17d)
2023-02-19 13:34:07.838+0000 INFO  ======== Neo4j 5.4.0 ========
2023-02-19 13:34:08.866+0000 INFO  Bolt enabled on 0.0.0.0:7687.
2023-02-19 13:34:09.268+0000 INFO  Remote interface available at http://localhost:7474/
2023-02-19 13:34:09.271+0000 INFO  id: C800200D96467D00799E797F89D92096D5A79C8419F933D084C14A47A856CA75
2023-02-19 13:34:09.272+0000 INFO  name: system
2023-02-19 13:34:09.273+0000 INFO  creationDate: 2023-02-15T08:46:29.708Z
2023-02-19 13:34:09.274+0000 INFO  Started.
2023-02-19 13:36:21.626+0000 INFO  Neo4j Server shutdown initiated by request
2023-02-19 13:36:21.627+0000 INFO  Stopping...
2023-02-19 13:36:49.535+0000 WARN  Use of deprecated setting 'dbms.memory.pagecache.size'. It is replaced by 'server.memory.pagecache.size'.
2023-02-19 13:36:49.539+0000 WARN  Use of deprecated setting 'dbms.memory.heap.max_size'. It is replaced by 'server.memory.heap.max_size'.
2023-02-19 13:36:49.540+0000 INFO  Starting...
2023-02-19 13:36:49.835+0000 INFO  This instance is ServerId{451cf1a6} (451cf1a6-d223-4b8d-82cd-09936745c17d)
2023-02-19 13:36:50.301+0000 INFO  ======== Neo4j 5.4.0 ========
2023-02-19 13:36:51.353+0000 INFO  Bolt enabled on 0.0.0.0:7687.
2023-02-19 13:36:51.780+0000 INFO  Remote interface available at http://localhost:7474/
2023-02-19 13:36:51.784+0000 INFO  id: C800200D96467D00799E797F89D92096D5A79C8419F933D084C14A47A856CA75
2023-02-19 13:36:51.785+0000 INFO  name: system
2023-02-19 13:36:51.786+0000 INFO  creationDate: 2023-02-15T08:46:29.708Z
2023-02-19 13:36:51.787+0000 INFO  Started.
2023-02-19 13:38:32.829+0000 INFO  Neo4j Server shutdown initiated by request
2023-02-19 13:38:32.831+0000 INFO  Stopping...
2023-02-19 13:38:40.506+0000 WARN  Use of deprecated setting 'dbms.memory.pagecache.size'. It is replaced by 'server.memory.pagecache.size'.
2023-02-19 13:38:40.522+0000 WARN  Use of deprecated setting 'dbms.memory.heap.max_size'. It is replaced by 'server.memory.heap.max_size'.
2023-02-19 13:38:40.526+0000 INFO  Starting...
2023-02-19 13:38:40.867+0000 INFO  This instance is ServerId{451cf1a6} (451cf1a6-d223-4b8d-82cd-09936745c17d)
2023-02-19 13:38:41.391+0000 INFO  ======== Neo4j 5.4.0 ========
2023-02-19 13:38:42.647+0000 INFO  Bolt enabled on 0.0.0.0:7687.
2023-02-19 13:38:43.032+0000 INFO  Remote interface available at http://localhost:7474/
2023-02-19 13:38:43.036+0000 INFO  id: C800200D96467D00799E797F89D92096D5A79C8419F933D084C14A47A856CA75
2023-02-19 13:38:43.037+0000 INFO  name: system
2023-02-19 13:38:43.038+0000 INFO  creationDate: 2023-02-15T08:46:29.708Z
2023-02-19 13:38:43.039+0000 INFO  Started.
